<?xml version="1.0" encoding="UTF-8"?>
<!-- Generated by org.testng.reporters.JUnitReportReporter -->
<testsuite skipped="0" hostname="surendar" name="com.qa.testcase.LoanCreation" tests="1" failures="0" timestamp="04 Jun 2021 05:08:46 GMT" time="43.087" errors="0">
  <testcase name="createRetailLoan" time="43.087" classname="com.qa.testcase.LoanCreation"/>
</testsuite> <!-- com.qa.testcase.LoanCreation -->
