<?xml version="1.0" encoding="UTF-8"?>
<!-- Generated by org.testng.reporters.JUnitReportReporter -->
<testsuite skipped="0" hostname="surendar" name="com.qa.testcase.Login" tests="1" failures="0" timestamp="04 Jun 2021 05:08:46 GMT" time="14.082" errors="0">
  <testcase name="login" time="14.082" classname="com.qa.testcase.Login"/>
</testsuite> <!-- com.qa.testcase.Login -->
